Using core type: P
OMP_PLACES: {0,1,2,3,4,5,6,7,8,9,10,11,12,13,14,15}

===========================================
Filter: mean | Radius: 3 | Threads: 2
Runs: 100
Program-reported time:
  Min:  0.52328 s
  Max:  0.553977 s
  Avg:  .531164 s
  Std:  0.004193 s
Wall-clock time:
  Min:  1.164172 s
  Max:  2.410915 s
  Avg:  1.197625 s
  Std:  0.122343 s

===========================================
Filter: mean | Radius: 3 | Threads: 4
Runs: 100
Program-reported time:
  Min:  0.282835 s
  Max:  0.298786 s
  Avg:  .288382 s
  Std:  0.003473 s
Wall-clock time:
  Min:  .916270 s
  Max:  .988807 s
  Avg:  .937415 s
  Std:  0.010591 s

===========================================
Filter: mean | Radius: 3 | Threads: 6
Runs: 100
Program-reported time:
  Min:  0.198912 s
  Max:  0.220521 s
  Avg:  .204708 s
  Std:  0.004626 s
Wall-clock time:
  Min:  .836692 s
  Max:  .886322 s
  Avg:  .853248 s
  Std:  0.008696 s

===========================================
Filter: mean | Radius: 3 | Threads: 8
Runs: 100
Program-reported time:
  Min:  0.160445 s
  Max:  0.189027 s
  Avg:  .168234 s
  Std:  0.006278 s
Wall-clock time:
  Min:  .799082 s
  Max:  .848352 s
  Avg:  .818433 s
  Std:  0.009671 s

===========================================
Filter: mean | Radius: 3 | Threads: 10
Runs: 100
Program-reported time:
  Min:  0.143836 s
  Max:  0.159202 s
  Avg:  .149044 s
  Std:  0.003358 s
Wall-clock time:
  Min:  .781248 s
  Max:  .825840 s
  Avg:  .798860 s
  Std:  0.008912 s

===========================================
Filter: mean | Radius: 3 | Threads: 12
Runs: 100
Program-reported time:
  Min:  0.131805 s
  Max:  0.158913 s
  Avg:  .136243 s
  Std:  0.003427 s
Wall-clock time:
  Min:  .770648 s
  Max:  .825408 s
  Avg:  .786971 s
  Std:  0.008506 s

===========================================
Filter: mean | Radius: 7 | Threads: 2
Runs: 100
Program-reported time:
  Min:  2.13276 s
  Max:  2.37707 s
  Avg:  2.167989 s
  Std:  0.030908 s
Wall-clock time:
  Min:  2.786842 s
  Max:  3.087207 s
  Avg:  2.874364 s
  Std:  0.039737 s

===========================================
Filter: mean | Radius: 7 | Threads: 4
Runs: 100
Program-reported time:
  Min:  1.10141 s
  Max:  1.22968 s
  Avg:  1.122351 s
  Std:  0.022824 s
Wall-clock time:
  Min:  1.738301 s
  Max:  1.876863 s
  Avg:  1.770506 s
  Std:  0.025941 s

===========================================
Filter: mean | Radius: 7 | Threads: 6
Runs: 100
Program-reported time:
  Min:  0.751031 s
  Max:  0.852414 s
  Avg:  .768640 s
  Std:  0.016616 s
Wall-clock time:
  Min:  1.388954 s
  Max:  1.498195 s
  Avg:  1.414127 s
  Std:  0.017327 s

===========================================
Filter: mean | Radius: 7 | Threads: 8
Runs: 100
Program-reported time:
  Min:  0.584 s
  Max:  0.738644 s
  Avg:  .609186 s
  Std:  0.027734 s
Wall-clock time:
  Min:  1.222359 s
  Max:  1.392789 s
  Avg:  1.256994 s
  Std:  0.030421 s

===========================================
Filter: mean | Radius: 7 | Threads: 10
Runs: 100
Program-reported time:
  Min:  0.51935 s
  Max:  0.587826 s
  Avg:  .538018 s
  Std:  0.018321 s
Wall-clock time:
  Min:  1.160022 s
  Max:  1.242844 s
  Avg:  1.186216 s
  Std:  0.019149 s

===========================================
Filter: mean | Radius: 7 | Threads: 12
Runs: 100
Program-reported time:
  Min:  0.46867 s
  Max:  0.644671 s
  Avg:  .486774 s
  Std:  0.032288 s
Wall-clock time:
  Min:  1.101159 s
  Max:  1.290049 s
  Avg:  1.136063 s
  Std:  0.047496 s

===========================================
Filter: mean | Radius: 11 | Threads: 2
Runs: 100
Program-reported time:
  Min:  4.83399 s
  Max:  5.38701 s
  Avg:  4.932035 s
  Std:  0.129715 s
Wall-clock time:
  Min:  5.497627 s
  Max:  6.119014 s
  Avg:  5.610012 s
  Std:  0.140009 s

===========================================
Filter: mean | Radius: 11 | Threads: 4
Runs: 100
Program-reported time:
  Min:  2.46796 s
  Max:  2.80327 s
  Avg:  2.552368 s
  Std:  0.061235 s
Wall-clock time:
  Min:  3.150437 s
  Max:  3.519738 s
  Avg:  3.261036 s
  Std:  0.067571 s

===========================================
Filter: mean | Radius: 11 | Threads: 6
Runs: 100
Program-reported time:
  Min:  1.69757 s
  Max:  2.0976 s
  Avg:  1.761340 s
  Std:  0.054599 s
Wall-clock time:
  Min:  2.335209 s
  Max:  2.809477 s
  Avg:  2.467040 s
  Std:  0.066106 s

===========================================
Filter: mean | Radius: 11 | Threads: 8
Runs: 100
Program-reported time:
  Min:  1.34495 s
  Max:  1.73014 s
  Avg:  1.428365 s
  Std:  0.087189 s
Wall-clock time:
  Min:  1.977447 s
  Max:  2.437417 s
  Avg:  2.137972 s
  Std:  0.098568 s

===========================================
Filter: mean | Radius: 11 | Threads: 10
Runs: 100
Program-reported time:
  Min:  1.20335 s
  Max:  1.55336 s
  Avg:  1.288385 s
  Std:  0.084182 s
Wall-clock time:
  Min:  1.838257 s
  Max:  2.286019 s
  Avg:  1.957553 s
  Std:  0.121511 s

===========================================
Filter: mean | Radius: 11 | Threads: 12
Runs: 100
Program-reported time:
  Min:  1.09356 s
  Max:  1.53421 s
  Avg:  1.165366 s
  Std:  0.081067 s
Wall-clock time:
  Min:  1.734015 s
  Max:  2.325117 s
  Avg:  1.815493 s
  Std:  0.106022 s

===========================================
Filter: mean | Radius: 15 | Threads: 2
Runs: 100
Program-reported time:
  Min:  8.66615 s
  Max:  9.71325 s
  Avg:  8.822667 s
  Std:  0.155678 s
Wall-clock time:
  Min:  9.349506 s
  Max:  10.378830 s
  Avg:  9.522993 s
  Std:  0.155194 s

===========================================
Filter: mean | Radius: 15 | Threads: 4
Runs: 100
Program-reported time:
  Min:  4.40714 s
  Max:  4.78736 s
  Avg:  4.541058 s
  Std:  0.087790 s
Wall-clock time:
  Min:  5.057183 s
  Max:  5.445215 s
  Avg:  5.202285 s
  Std:  0.088204 s

===========================================
Filter: mean | Radius: 15 | Threads: 6
Runs: 100
Program-reported time:
  Min:  3.05429 s
  Max:  3.6404 s
  Avg:  3.287993 s
  Std:  0.126150 s
Wall-clock time:
  Min:  3.708412 s
  Max:  4.366515 s
  Avg:  3.979857 s
  Std:  0.134069 s

===========================================
Filter: mean | Radius: 15 | Threads: 8
Runs: 100
Program-reported time:
  Min:  2.47621 s
  Max:  3.0043 s
  Avg:  2.629712 s
  Std:  0.116652 s
Wall-clock time:
  Min:  3.109950 s
  Max:  3.615910 s
  Avg:  3.334288 s
  Std:  0.119473 s

===========================================
Filter: mean | Radius: 15 | Threads: 10
Runs: 100
Program-reported time:
  Min:  2.25129 s
  Max:  2.68506 s
  Avg:  2.367277 s
  Std:  0.106593 s
Wall-clock time:
  Min:  2.882808 s
  Max:  3.366953 s
  Avg:  3.065437 s
  Std:  0.111177 s

===========================================
Filter: mean | Radius: 15 | Threads: 12
Runs: 100
Program-reported time:
  Min:  2.04039 s
  Max:  2.3581 s
  Avg:  2.139341 s
  Std:  0.091626 s
Wall-clock time:
  Min:  2.668589 s
  Max:  3.088306 s
  Avg:  2.838672 s
  Std:  0.097021 s

===========================================
Filter: mean | Radius: 19 | Threads: 2
Runs: 100
Program-reported time:
  Min:  13.7931 s
  Max:  14.1232 s
  Avg:  13.925346 s
  Std:  0.076847 s
Wall-clock time:
  Min:  14.459824 s
  Max:  14.816562 s
  Avg:  14.627240 s
  Std:  0.079461 s

===========================================
Filter: mean | Radius: 19 | Threads: 4
Runs: 100
Program-reported time:
  Min:  7.10526 s
  Max:  7.61635 s
  Avg:  7.277721 s
  Std:  0.097629 s
Wall-clock time:
  Min:  7.760894 s
  Max:  8.282090 s
  Avg:  7.935205 s
  Std:  0.109129 s

===========================================
Filter: mean | Radius: 19 | Threads: 6
Runs: 100
Program-reported time:
  Min:  4.94395 s
  Max:  5.53448 s
  Avg:  5.149385 s
  Std:  0.111144 s
Wall-clock time:
  Min:  5.625287 s
  Max:  6.293007 s
  Avg:  5.804161 s
  Std:  0.108735 s

===========================================
Filter: mean | Radius: 19 | Threads: 8
Runs: 100
Program-reported time:
  Min:  3.89794 s
  Max:  4.3405 s
  Avg:  4.086805 s
  Std:  0.090032 s
Wall-clock time:
  Min:  4.514411 s
  Max:  5.072940 s
  Avg:  4.780893 s
  Std:  0.095648 s

===========================================
Filter: mean | Radius: 19 | Threads: 10
Runs: 100
Program-reported time:
  Min:  3.5479 s
  Max:  3.999 s
  Avg:  3.693071 s
  Std:  0.104220 s
Wall-clock time:
  Min:  4.172188 s
  Max:  4.735938 s
  Avg:  4.385096 s
  Std:  0.107732 s

===========================================
Filter: mean | Radius: 19 | Threads: 12
Runs: 100
Program-reported time:
  Min:  3.23465 s
  Max:  3.69108 s
  Avg:  3.336960 s
  Std:  0.101815 s
Wall-clock time:
  Min:  3.874792 s
  Max:  4.392869 s
  Avg:  4.027795 s
  Std:  0.100379 s

