Using core type: P
OMP_PLACES: {0,1,2,3,4,5,6,7,8,9,10,11,12,13,14,15}

===========================================
Filter: mean | Radius: 3 | Threads: 2
Runs: 100
Program-reported time:
  Min:  0.520608 s
  Max:  0.542593 s
  Avg:  .528637 s
  Std:  0.004776 s
Wall-clock time:
  Min:  1.167087 s
  Max:  1.344290 s
  Avg:  1.187127 s
  Std:  0.018079 s

===========================================
Filter: mean | Radius: 3 | Threads: 4
Runs: 100
Program-reported time:
  Min:  0.281943 s
  Max:  0.304783 s
  Avg:  .295225 s
  Std:  0.005606 s
Wall-clock time:
  Min:  .919611 s
  Max:  .965066 s
  Avg:  .944771 s
  Std:  0.009934 s

===========================================
Filter: mean | Radius: 3 | Threads: 6
Runs: 100
Program-reported time:
  Min:  0.200174 s
  Max:  0.22413 s
  Avg:  .209935 s
  Std:  0.004896 s
Wall-clock time:
  Min:  .836892 s
  Max:  .890067 s
  Avg:  .860604 s
  Std:  0.009784 s

===========================================
Filter: mean | Radius: 3 | Threads: 8
Runs: 100
Program-reported time:
  Min:  0.160679 s
  Max:  0.190843 s
  Avg:  .171719 s
  Std:  0.006063 s
Wall-clock time:
  Min:  .801653 s
  Max:  .851291 s
  Avg:  .822845 s
  Std:  0.009721 s

===========================================
Filter: mean | Radius: 3 | Threads: 10
Runs: 100
Program-reported time:
  Min:  0.146229 s
  Max:  0.160723 s
  Avg:  .151750 s
  Std:  0.003442 s
Wall-clock time:
  Min:  .785592 s
  Max:  .826084 s
  Avg:  .802268 s
  Std:  0.007803 s

===========================================
Filter: mean | Radius: 3 | Threads: 12
Runs: 100
Program-reported time:
  Min:  0.132133 s
  Max:  0.152994 s
  Avg:  .138289 s
  Std:  0.003520 s
Wall-clock time:
  Min:  .773400 s
  Max:  .809422 s
  Avg:  .790092 s
  Std:  0.007946 s

===========================================
Filter: mean | Radius: 7 | Threads: 2
Runs: 100
Program-reported time:
  Min:  2.13191 s
  Max:  2.19296 s
  Avg:  2.161760 s
  Std:  0.014044 s
Wall-clock time:
  Min:  2.787001 s
  Max:  2.930349 s
  Avg:  2.862026 s
  Std:  0.038472 s

===========================================
Filter: mean | Radius: 7 | Threads: 4
Runs: 100
Program-reported time:
  Min:  1.10514 s
  Max:  1.24128 s
  Avg:  1.154207 s
  Std:  0.023003 s
Wall-clock time:
  Min:  1.740169 s
  Max:  1.900663 s
  Avg:  1.804319 s
  Std:  0.024671 s

===========================================
Filter: mean | Radius: 7 | Threads: 6
Runs: 100
Program-reported time:
  Min:  0.761475 s
  Max:  0.82788 s
  Avg:  .786454 s
  Std:  0.013994 s
Wall-clock time:
  Min:  1.399979 s
  Max:  1.472310 s
  Avg:  1.431985 s
  Std:  0.015009 s

===========================================
Filter: mean | Radius: 7 | Threads: 8
Runs: 100
Program-reported time:
  Min:  0.581617 s
  Max:  0.667842 s
  Avg:  .603611 s
  Std:  0.018474 s
Wall-clock time:
  Min:  1.224516 s
  Max:  1.314382 s
  Avg:  1.254445 s
  Std:  0.019865 s

===========================================
Filter: mean | Radius: 7 | Threads: 10
Runs: 100
Program-reported time:
  Min:  0.519168 s
  Max:  0.584772 s
  Avg:  .536235 s
  Std:  0.019820 s
Wall-clock time:
  Min:  1.156549 s
  Max:  1.250520 s
  Avg:  1.182085 s
  Std:  0.022150 s

===========================================
Filter: mean | Radius: 7 | Threads: 12
Runs: 100
Program-reported time:
  Min:  0.467216 s
  Max:  0.638887 s
  Avg:  .487329 s
  Std:  0.035020 s
Wall-clock time:
  Min:  1.104007 s
  Max:  1.288707 s
  Avg:  1.136494 s
  Std:  0.046910 s

===========================================
Filter: mean | Radius: 11 | Threads: 2
Runs: 100
Program-reported time:
  Min:  4.83555 s
  Max:  4.95505 s
  Avg:  4.907756 s
  Std:  0.026984 s
Wall-clock time:
  Min:  5.456859 s
  Max:  5.676957 s
  Avg:  5.574961 s
  Std:  0.032208 s

===========================================
Filter: mean | Radius: 11 | Threads: 4
Runs: 100
Program-reported time:
  Min:  2.4694 s
  Max:  2.70641 s
  Avg:  2.541580 s
  Std:  0.055184 s
Wall-clock time:
  Min:  3.114617 s
  Max:  3.428560 s
  Avg:  3.248120 s
  Std:  0.059604 s

===========================================
Filter: mean | Radius: 11 | Threads: 6
Runs: 100
Program-reported time:
  Min:  1.69604 s
  Max:  1.88507 s
  Avg:  1.747447 s
  Std:  0.049050 s
Wall-clock time:
  Min:  2.335895 s
  Max:  2.608221 s
  Avg:  2.447489 s
  Std:  0.057854 s

===========================================
Filter: mean | Radius: 11 | Threads: 8
Runs: 100
Program-reported time:
  Min:  1.31352 s
  Max:  1.68878 s
  Avg:  1.386582 s
  Std:  0.085484 s
Wall-clock time:
  Min:  1.943557 s
  Max:  2.400198 s
  Avg:  2.091243 s
  Std:  0.095418 s

===========================================
Filter: mean | Radius: 11 | Threads: 10
Runs: 100
Program-reported time:
  Min:  1.17237 s
  Max:  1.49442 s
  Avg:  1.250713 s
  Std:  0.065334 s
Wall-clock time:
  Min:  1.807944 s
  Max:  2.225130 s
  Avg:  1.905664 s
  Std:  0.093917 s

===========================================
Filter: mean | Radius: 11 | Threads: 12
Runs: 100
Program-reported time:
  Min:  1.05918 s
  Max:  1.47325 s
  Avg:  1.128906 s
  Std:  0.075465 s
Wall-clock time:
  Min:  1.697687 s
  Max:  2.190378 s
  Avg:  1.774180 s
  Std:  0.080859 s

===========================================
Filter: mean | Radius: 15 | Threads: 2
Runs: 100
Program-reported time:
  Min:  8.71778 s
  Max:  9.72565 s
  Avg:  8.848648 s
  Std:  0.157165 s
Wall-clock time:
  Min:  9.361017 s
  Max:  10.481912 s
  Avg:  9.544165 s
  Std:  0.170560 s

===========================================
Filter: mean | Radius: 15 | Threads: 4
Runs: 100
Program-reported time:
  Min:  4.412 s
  Max:  4.85003 s
  Avg:  4.525416 s
  Std:  0.084256 s
Wall-clock time:
  Min:  5.037719 s
  Max:  5.470207 s
  Avg:  5.182675 s
  Std:  0.085413 s

===========================================
Filter: mean | Radius: 15 | Threads: 6
Runs: 100
Program-reported time:
  Min:  3.03759 s
  Max:  3.43651 s
  Avg:  3.208152 s
  Std:  0.098691 s
Wall-clock time:
  Min:  3.661891 s
  Max:  4.141708 s
  Avg:  3.889741 s
  Std:  0.113714 s

===========================================
Filter: mean | Radius: 15 | Threads: 8
Runs: 100
Program-reported time:
  Min:  2.42156 s
  Max:  2.77645 s
  Avg:  2.514183 s
  Std:  0.093902 s
Wall-clock time:
  Min:  3.039095 s
  Max:  3.446860 s
  Avg:  3.200119 s
  Std:  0.097656 s

===========================================
Filter: mean | Radius: 15 | Threads: 10
Runs: 100
Program-reported time:
  Min:  2.19551 s
  Max:  2.57895 s
  Avg:  2.288194 s
  Std:  0.112230 s
Wall-clock time:
  Min:  2.826305 s
  Max:  3.302186 s
  Avg:  2.985581 s
  Std:  0.113267 s

===========================================
Filter: mean | Radius: 15 | Threads: 12
Runs: 100
Program-reported time:
  Min:  1.98126 s
  Max:  2.37299 s
  Avg:  2.079731 s
  Std:  0.096292 s
Wall-clock time:
  Min:  2.608079 s
  Max:  3.071107 s
  Avg:  2.770647 s
  Std:  0.106403 s

===========================================
Filter: mean | Radius: 19 | Threads: 2
Runs: 100
Program-reported time:
  Min:  13.8169 s
  Max:  14.1374 s
  Avg:  13.952534 s
  Std:  0.069716 s
Wall-clock time:
  Min:  14.460574 s
  Max:  14.849601 s
  Avg:  14.639547 s
  Std:  0.072863 s

===========================================
Filter: mean | Radius: 19 | Threads: 4
Runs: 100
Program-reported time:
  Min:  7.11459 s
  Max:  7.91771 s
  Avg:  7.304240 s
  Std:  0.149726 s
Wall-clock time:
  Min:  7.725890 s
  Max:  8.618963 s
  Avg:  7.974129 s
  Std:  0.163665 s

===========================================
Filter: mean | Radius: 19 | Threads: 6
Runs: 100
Program-reported time:
  Min:  4.92261 s
  Max:  5.40071 s
  Avg:  5.116694 s
  Std:  0.098092 s
Wall-clock time:
  Min:  5.565168 s
  Max:  6.040858 s
  Avg:  5.753980 s
  Std:  0.096312 s

===========================================
Filter: mean | Radius: 19 | Threads: 8
Runs: 100
Program-reported time:
  Min:  3.89822 s
  Max:  4.26139 s
  Avg:  4.035245 s
  Std:  0.086477 s
Wall-clock time:
  Min:  4.523963 s
  Max:  4.971374 s
  Avg:  4.726122 s
  Std:  0.096722 s

===========================================
Filter: mean | Radius: 19 | Threads: 10
Runs: 100
Program-reported time:
  Min:  3.52654 s
  Max:  3.95776 s
  Avg:  3.653698 s
  Std:  0.099133 s
Wall-clock time:
  Min:  4.172580 s
  Max:  4.665113 s
  Avg:  4.345362 s
  Std:  0.111839 s

===========================================
Filter: mean | Radius: 19 | Threads: 12
Runs: 100
Program-reported time:
  Min:  3.22728 s
  Max:  3.46806 s
  Avg:  3.314188 s
  Std:  0.081144 s
Wall-clock time:
  Min:  3.845749 s
  Max:  4.176666 s
  Avg:  3.997159 s
  Std:  0.085073 s

