===========================================
Filter: gaussian | Radius: 3 | Threads: 2
Runs: 100
Program-reported time:
  Min:  0.521409 s
  Max:  0.581688 s
  Avg:  .530608 s
  Std:  0.007817 s
Wall-clock time:
  Min:  1.182215 s
  Max:  1.368973 s
  Avg:  1.200580 s
  Std:  0.023625 s

===========================================
Filter: gaussian | Radius: 3 | Threads: 4
Runs: 100
Program-reported time:
  Min:  0.283254 s
  Max:  0.321631 s
  Avg:  .289068 s
  Std:  0.005092 s
Wall-clock time:
  Min:  .926325 s
  Max:  1.030267 s
  Avg:  .949355 s
  Std:  0.012806 s

===========================================
Filter: gaussian | Radius: 3 | Threads: 6
Runs: 100
Program-reported time:
  Min:  0.199015 s
  Max:  0.221898 s
  Avg:  .204855 s
  Std:  0.004871 s
Wall-clock time:
  Min:  .847409 s
  Max:  .968633 s
  Avg:  .864733 s
  Std:  0.013694 s

===========================================
Filter: gaussian | Radius: 3 | Threads: 8
Runs: 100
Program-reported time:
  Min:  0.161591 s
  Max:  0.181949 s
  Avg:  .169566 s
  Std:  0.004743 s
Wall-clock time:
  Min:  .810841 s
  Max:  .853111 s
  Avg:  .829555 s
  Std:  0.008760 s

===========================================
Filter: gaussian | Radius: 3 | Threads: 10
Runs: 100
Program-reported time:
  Min:  0.144426 s
  Max:  0.161752 s
  Avg:  .149673 s
  Std:  0.003200 s
Wall-clock time:
  Min:  .791822 s
  Max:  .832242 s
  Avg:  .811971 s
  Std:  0.007952 s

===========================================
Filter: gaussian | Radius: 3 | Threads: 12
Runs: 100
Program-reported time:
  Min:  0.131176 s
  Max:  0.145072 s
  Avg:  .136260 s
  Std:  0.002808 s
Wall-clock time:
  Min:  .782324 s
  Max:  .822406 s
  Avg:  .797909 s
  Std:  0.008460 s

===========================================
Filter: gaussian | Radius: 7 | Threads: 2
Runs: 100
Program-reported time:
  Min:  2.12942 s
  Max:  2.30573 s
  Avg:  2.158372 s
  Std:  0.020520 s
Wall-clock time:
  Min:  2.775707 s
  Max:  3.036197 s
  Avg:  2.866606 s
  Std:  0.038678 s

===========================================
Filter: gaussian | Radius: 7 | Threads: 4
Runs: 100
Program-reported time:
  Min:  1.10181 s
  Max:  1.22397 s
  Avg:  1.126755 s
  Std:  0.022728 s
Wall-clock time:
  Min:  1.746396 s
  Max:  1.879090 s
  Avg:  1.779660 s
  Std:  0.023929 s

===========================================
Filter: gaussian | Radius: 7 | Threads: 6
Runs: 100
Program-reported time:
  Min:  0.755925 s
  Max:  0.866214 s
  Avg:  .776254 s
  Std:  0.020248 s
Wall-clock time:
  Min:  1.401304 s
  Max:  1.516488 s
  Avg:  1.426465 s
  Std:  0.021779 s

===========================================
Filter: gaussian | Radius: 7 | Threads: 8
Runs: 100
Program-reported time:
  Min:  0.588615 s
  Max:  0.731187 s
  Avg:  .616741 s
  Std:  0.034250 s
Wall-clock time:
  Min:  1.232721 s
  Max:  1.397543 s
  Avg:  1.268900 s
  Std:  0.038020 s

===========================================
Filter: gaussian | Radius: 7 | Threads: 10
Runs: 100
Program-reported time:
  Min:  0.522477 s
  Max:  0.678914 s
  Avg:  .546406 s
  Std:  0.027847 s
Wall-clock time:
  Min:  1.171425 s
  Max:  1.337073 s
  Avg:  1.201000 s
  Std:  0.034449 s

===========================================
Filter: gaussian | Radius: 7 | Threads: 12
Runs: 100
Program-reported time:
  Min:  0.469183 s
  Max:  0.737513 s
  Avg:  .495987 s
  Std:  0.042765 s
Wall-clock time:
  Min:  1.113616 s
  Max:  1.440361 s
  Avg:  1.152918 s
  Std:  0.056739 s

===========================================
Filter: gaussian | Radius: 11 | Threads: 2
Runs: 100
Program-reported time:
  Min:  4.81946 s
  Max:  5.00393 s
  Avg:  4.913294 s
  Std:  0.033066 s
Wall-clock time:
  Min:  5.473382 s
  Max:  5.686651 s
  Avg:  5.571478 s
  Std:  0.036439 s

===========================================
Filter: gaussian | Radius: 11 | Threads: 4
Runs: 100
Program-reported time:
  Min:  2.47136 s
  Max:  2.78975 s
  Avg:  2.569455 s
  Std:  0.068292 s
Wall-clock time:
  Min:  3.137851 s
  Max:  3.503011 s
  Avg:  3.293616 s
  Std:  0.072185 s

===========================================
Filter: gaussian | Radius: 11 | Threads: 6
Runs: 100
Program-reported time:
  Min:  1.70459 s
  Max:  2.19713 s
  Avg:  1.774787 s
  Std:  0.076955 s
Wall-clock time:
  Min:  2.351470 s
  Max:  2.926916 s
  Avg:  2.492481 s
  Std:  0.085380 s

===========================================
Filter: gaussian | Radius: 11 | Threads: 8
Runs: 100
Program-reported time:
  Min:  1.32241 s
  Max:  1.689 s
  Avg:  1.414591 s
  Std:  0.100326 s
Wall-clock time:
  Min:  1.959529 s
  Max:  2.424205 s
  Avg:  2.135318 s
  Std:  0.116242 s

===========================================
Filter: gaussian | Radius: 11 | Threads: 10
Runs: 100
Program-reported time:
  Min:  1.1878 s
  Max:  1.53347 s
  Avg:  1.275950 s
  Std:  0.099232 s
Wall-clock time:
  Min:  1.829627 s
  Max:  2.281314 s
  Avg:  1.948996 s
  Std:  0.131253 s

===========================================
Filter: gaussian | Radius: 11 | Threads: 12
Runs: 100
Program-reported time:
  Min:  1.06946 s
  Max:  1.4458 s
  Avg:  1.143807 s
  Std:  0.076890 s
Wall-clock time:
  Min:  1.715204 s
  Max:  2.200895 s
  Avg:  1.804303 s
  Std:  0.096118 s

===========================================
Filter: gaussian | Radius: 15 | Threads: 2
Runs: 100
Program-reported time:
  Min:  8.67515 s
  Max:  9.05416 s
  Avg:  8.780427 s
  Std:  0.066199 s
Wall-clock time:
  Min:  9.307865 s
  Max:  9.790489 s
  Avg:  9.488142 s
  Std:  0.076932 s

===========================================
Filter: gaussian | Radius: 15 | Threads: 4
Runs: 100
Program-reported time:
  Min:  4.4075 s
  Max:  4.92641 s
  Avg:  4.565760 s
  Std:  0.102842 s
Wall-clock time:
  Min:  5.073985 s
  Max:  5.718690 s
  Avg:  5.238440 s
  Std:  0.111136 s

===========================================
Filter: gaussian | Radius: 15 | Threads: 6
Runs: 100
Program-reported time:
  Min:  3.05691 s
  Max:  3.49316 s
  Avg:  3.279417 s
  Std:  0.113832 s
Wall-clock time:
  Min:  3.692027 s
  Max:  4.214613 s
  Avg:  3.985167 s
  Std:  0.121117 s

===========================================
Filter: gaussian | Radius: 15 | Threads: 8
Runs: 100
Program-reported time:
  Min:  2.39532 s
  Max:  2.80274 s
  Avg:  2.541940 s
  Std:  0.109022 s
Wall-clock time:
  Min:  3.050957 s
  Max:  3.510472 s
  Avg:  3.247513 s
  Std:  0.115579 s

===========================================
Filter: gaussian | Radius: 15 | Threads: 10
Runs: 100
Program-reported time:
  Min:  2.21154 s
  Max:  2.54935 s
  Avg:  2.294962 s
  Std:  0.085231 s
Wall-clock time:
  Min:  2.852686 s
  Max:  3.287519 s
  Avg:  3.010581 s
  Std:  0.087549 s

===========================================
Filter: gaussian | Radius: 15 | Threads: 12
Runs: 100
Program-reported time:
  Min:  1.99424 s
  Max:  2.34069 s
  Avg:  2.093940 s
  Std:  0.096441 s
Wall-clock time:
  Min:  2.629019 s
  Max:  3.057790 s
  Avg:  2.803635 s
  Std:  0.101485 s

===========================================
Filter: gaussian | Radius: 19 | Threads: 2
Runs: 100
Program-reported time:
  Min:  13.7996 s
  Max:  15.3774 s
  Avg:  14.019867 s
  Std:  0.342383 s
Wall-clock time:
  Min:  14.440681 s
  Max:  16.052382 s
  Avg:  14.725584 s
  Std:  0.336881 s

===========================================
Filter: gaussian | Radius: 19 | Threads: 4
Runs: 100
Program-reported time:
  Min:  7.12885 s
  Max:  7.90375 s
  Avg:  7.317988 s
  Std:  0.128253 s
Wall-clock time:
  Min:  7.791202 s
  Max:  8.617120 s
  Avg:  8.005481 s
  Std:  0.138024 s

===========================================
Filter: gaussian | Radius: 19 | Threads: 6
Runs: 100
Program-reported time:
  Min:  4.94473 s
  Max:  5.41511 s
  Avg:  5.277974 s
  Std:  0.112669 s
Wall-clock time:
  Min:  5.592508 s
  Max:  6.131322 s
  Avg:  5.931905 s
  Std:  0.114797 s

===========================================
Filter: gaussian | Radius: 19 | Threads: 8
Runs: 100
Program-reported time:
  Min:  3.92808 s
  Max:  4.30793 s
  Avg:  4.101102 s
  Std:  0.085353 s
Wall-clock time:
  Min:  4.622224 s
  Max:  5.059996 s
  Avg:  4.812731 s
  Std:  0.095531 s

===========================================
Filter: gaussian | Radius: 19 | Threads: 10
Runs: 100
Program-reported time:
  Min:  3.57877 s
  Max:  4.07004 s
  Avg:  3.740495 s
  Std:  0.095798 s
Wall-clock time:
  Min:  4.242604 s
  Max:  4.735280 s
  Avg:  4.441128 s
  Std:  0.103043 s

===========================================
Filter: gaussian | Radius: 19 | Threads: 12
Runs: 100
Program-reported time:
  Min:  3.28415 s
  Max:  3.64199 s
  Avg:  3.410497 s
  Std:  0.094456 s
Wall-clock time:
  Min:  3.929191 s
  Max:  4.343822 s
  Avg:  4.121259 s
  Std:  0.098012 s

