===========================================
Filter: mean | Radius: 3 | Threads: 2
Runs: 100
Program-reported time:
  Min:  0.521166 s
  Max:  0.546044 s
  Avg:  .531191 s
  Std:  0.004072 s
Wall-clock time:
  Min:  1.167613 s
  Max:  2.455660 s
  Avg:  1.199927 s
  Std:  0.126491 s

===========================================
Filter: mean | Radius: 3 | Threads: 4
Runs: 100
Program-reported time:
  Min:  0.282876 s
  Max:  0.298791 s
  Avg:  .289109 s
  Std:  0.003334 s
Wall-clock time:
  Min:  .920154 s
  Max:  .960021 s
  Avg:  .938835 s
  Std:  0.009028 s

===========================================
Filter: mean | Radius: 3 | Threads: 6
Runs: 100
Program-reported time:
  Min:  0.198591 s
  Max:  0.241597 s
  Avg:  .206316 s
  Std:  0.006423 s
Wall-clock time:
  Min:  .836978 s
  Max:  .901364 s
  Avg:  .856341 s
  Std:  0.011347 s

===========================================
Filter: mean | Radius: 3 | Threads: 8
Runs: 100
Program-reported time:
  Min:  0.16176 s
  Max:  0.186602 s
  Avg:  .168019 s
  Std:  0.005504 s
Wall-clock time:
  Min:  .799158 s
  Max:  .844846 s
  Avg:  .817598 s
  Std:  0.008995 s

===========================================
Filter: mean | Radius: 3 | Threads: 10
Runs: 100
Program-reported time:
  Min:  0.144895 s
  Max:  0.160105 s
  Avg:  .150308 s
  Std:  0.003769 s
Wall-clock time:
  Min:  .784839 s
  Max:  .834488 s
  Avg:  .800701 s
  Std:  0.009573 s

===========================================
Filter: mean | Radius: 3 | Threads: 12
Runs: 100
Program-reported time:
  Min:  0.131694 s
  Max:  0.145561 s
  Avg:  .136027 s
  Std:  0.002667 s
Wall-clock time:
  Min:  .772300 s
  Max:  .805122 s
  Avg:  .787236 s
  Std:  0.007738 s

===========================================
Filter: mean | Radius: 7 | Threads: 2
Runs: 100
Program-reported time:
  Min:  2.12973 s
  Max:  2.37954 s
  Avg:  2.176693 s
  Std:  0.053495 s
Wall-clock time:
  Min:  2.776884 s
  Max:  3.109646 s
  Avg:  2.885489 s
  Std:  0.063524 s

===========================================
Filter: mean | Radius: 7 | Threads: 4
Runs: 100
Program-reported time:
  Min:  1.10075 s
  Max:  1.34003 s
  Avg:  1.142964 s
  Std:  0.059836 s
Wall-clock time:
  Min:  1.737251 s
  Max:  2.080589 s
  Avg:  1.795589 s
  Std:  0.077270 s

===========================================
Filter: mean | Radius: 7 | Threads: 6
Runs: 100
Program-reported time:
  Min:  0.752091 s
  Max:  0.976519 s
  Avg:  .784710 s
  Std:  0.051049 s
Wall-clock time:
  Min:  1.394818 s
  Max:  1.627523 s
  Avg:  1.431389 s
  Std:  0.050469 s

===========================================
Filter: mean | Radius: 7 | Threads: 8
Runs: 100
Program-reported time:
  Min:  0.587815 s
  Max:  0.856122 s
  Avg:  .631541 s
  Std:  0.076084 s
Wall-clock time:
  Min:  1.223598 s
  Max:  1.521871 s
  Avg:  1.280130 s
  Std:  0.077589 s

===========================================
Filter: mean | Radius: 7 | Threads: 10
Runs: 100
Program-reported time:
  Min:  0.520372 s
  Max:  0.79108 s
  Avg:  .583866 s
  Std:  0.087354 s
Wall-clock time:
  Min:  1.161962 s
  Max:  1.486692 s
  Avg:  1.233781 s
  Std:  0.089732 s

===========================================
Filter: mean | Radius: 7 | Threads: 12
Runs: 100
Program-reported time:
  Min:  0.466863 s
  Max:  0.766457 s
  Avg:  .526117 s
  Std:  0.103843 s
Wall-clock time:
  Min:  1.105705 s
  Max:  1.453790 s
  Avg:  1.176537 s
  Std:  0.118936 s

===========================================
Filter: mean | Radius: 11 | Threads: 2
Runs: 100
Program-reported time:
  Min:  4.84737 s
  Max:  5.47576 s
  Avg:  4.937646 s
  Std:  0.098264 s
Wall-clock time:
  Min:  5.496272 s
  Max:  6.150561 s
  Avg:  5.611687 s
  Std:  0.104846 s

===========================================
Filter: mean | Radius: 11 | Threads: 4
Runs: 100
Program-reported time:
  Min:  2.47671 s
  Max:  2.76215 s
  Avg:  2.625095 s
  Std:  0.090792 s
Wall-clock time:
  Min:  3.104713 s
  Max:  3.485575 s
  Avg:  3.334163 s
  Std:  0.094153 s

===========================================
Filter: mean | Radius: 11 | Threads: 6
Runs: 100
Program-reported time:
  Min:  1.69876 s
  Max:  2.07768 s
  Avg:  1.808426 s
  Std:  0.113363 s
Wall-clock time:
  Min:  2.337082 s
  Max:  2.782761 s
  Avg:  2.514596 s
  Std:  0.116098 s

===========================================
Filter: mean | Radius: 11 | Threads: 8
Runs: 100
Program-reported time:
  Min:  1.32164 s
  Max:  1.7706 s
  Avg:  1.433870 s
  Std:  0.133748 s
Wall-clock time:
  Min:  1.953254 s
  Max:  2.489684 s
  Avg:  2.136174 s
  Std:  0.145181 s

===========================================
Filter: mean | Radius: 11 | Threads: 10
Runs: 100
Program-reported time:
  Min:  1.18423 s
  Max:  1.66787 s
  Avg:  1.364460 s
  Std:  0.179651 s
Wall-clock time:
  Min:  1.816845 s
  Max:  2.398445 s
  Avg:  2.041070 s
  Std:  0.218000 s

===========================================
Filter: mean | Radius: 11 | Threads: 12
Runs: 100
Program-reported time:
  Min:  1.066 s
  Max:  1.59018 s
  Avg:  1.207447 s
  Std:  0.164402 s
Wall-clock time:
  Min:  1.696565 s
  Max:  2.316673 s
  Avg:  1.874732 s
  Std:  0.202343 s

===========================================
Filter: mean | Radius: 15 | Threads: 2
Runs: 100
Program-reported time:
  Min:  8.6774 s
  Max:  9.16778 s
  Avg:  8.832171 s
  Std:  0.084550 s
Wall-clock time:
  Min:  9.314656 s
  Max:  9.887847 s
  Avg:  9.531725 s
  Std:  0.093112 s

===========================================
Filter: mean | Radius: 15 | Threads: 4
Runs: 100
Program-reported time:
  Min:  4.4145 s
  Max:  4.91472 s
  Avg:  4.692274 s
  Std:  0.071748 s
Wall-clock time:
  Min:  5.126040 s
  Max:  5.539556 s
  Avg:  5.344117 s
  Std:  0.072116 s

===========================================
Filter: mean | Radius: 15 | Threads: 6
Runs: 100
Program-reported time:
  Min:  3.05631 s
  Max:  3.49211 s
  Avg:  3.306179 s
  Std:  0.144367 s
Wall-clock time:
  Min:  3.712843 s
  Max:  4.205056 s
  Avg:  4.001736 s
  Std:  0.144928 s

===========================================
Filter: mean | Radius: 15 | Threads: 8
Runs: 100
Program-reported time:
  Min:  2.41869 s
  Max:  2.88999 s
  Avg:  2.632574 s
  Std:  0.184096 s
Wall-clock time:
  Min:  3.047950 s
  Max:  3.605708 s
  Avg:  3.340358 s
  Std:  0.185904 s

===========================================
Filter: mean | Radius: 15 | Threads: 10
Runs: 100
Program-reported time:
  Min:  2.20316 s
  Max:  2.65754 s
  Avg:  2.394059 s
  Std:  0.183828 s
Wall-clock time:
  Min:  2.824466 s
  Max:  3.364636 s
  Avg:  3.092988 s
  Std:  0.189273 s

===========================================
Filter: mean | Radius: 15 | Threads: 12
Runs: 100
Program-reported time:
  Min:  1.99129 s
  Max:  2.49891 s
  Avg:  2.179430 s
  Std:  0.209596 s
Wall-clock time:
  Min:  2.607864 s
  Max:  3.213171 s
  Avg:  2.875751 s
  Std:  0.212205 s

===========================================
Filter: mean | Radius: 19 | Threads: 2
Runs: 100
Program-reported time:
  Min:  13.7867 s
  Max:  15.1876 s
  Avg:  13.981816 s
  Std:  0.179220 s
Wall-clock time:
  Min:  14.449963 s
  Max:  15.902528 s
  Avg:  14.673707 s
  Std:  0.184348 s

===========================================
Filter: mean | Radius: 19 | Threads: 4
Runs: 100
Program-reported time:
  Min:  7.27282 s
  Max:  7.9483 s
  Avg:  7.458700 s
  Std:  0.124884 s
Wall-clock time:
  Min:  7.881414 s
  Max:  8.554892 s
  Avg:  8.138204 s
  Std:  0.136119 s

===========================================
Filter: mean | Radius: 19 | Threads: 6
Runs: 100
Program-reported time:
  Min:  5.1561 s
  Max:  5.46749 s
  Avg:  5.302675 s
  Std:  0.058015 s
Wall-clock time:
  Min:  5.816360 s
  Max:  6.150561 s
  Avg:  5.944283 s
  Std:  0.066028 s

===========================================
Filter: mean | Radius: 19 | Threads: 8
Runs: 100
Program-reported time:
  Min:  3.95727 s
  Max:  4.36887 s
  Avg:  4.289325 s
  Std:  0.059123 s
Wall-clock time:
  Min:  4.656920 s
  Max:  5.073759 s
  Avg:  4.984710 s
  Std:  0.067054 s

===========================================
Filter: mean | Radius: 19 | Threads: 10
Runs: 100
Program-reported time:
  Min:  3.5664 s
  Max:  3.94534 s
  Avg:  3.706132 s
  Std:  0.089757 s
Wall-clock time:
  Min:  4.214734 s
  Max:  4.638909 s
  Avg:  4.394315 s
  Std:  0.095800 s

===========================================
Filter: mean | Radius: 19 | Threads: 12
Runs: 100
Program-reported time:
  Min:  3.2551 s
  Max:  3.66179 s
  Avg:  3.361355 s
  Std:  0.106551 s
Wall-clock time:
  Min:  3.873426 s
  Max:  4.368356 s
  Avg:  4.052462 s
  Std:  0.117485 s

