Using core type: U
OMP_PLACES: 

===========================================
Filter: gaussian | Radius: 3 | Threads: 1
Runs: 100
Program-reported time:
  Min:  0.949345 s
  Max:  0.973176 s
  Avg:  .957497 s
  Std:  0.004600 s
Wall-clock time:
  Min:  1.597056 s
  Max:  1.699397 s
  Avg:  1.614920 s
  Std:  0.012439 s

===========================================
Filter: gaussian | Radius: 7 | Threads: 1
Runs: 100
Program-reported time:
  Min:  4.16048 s
  Max:  4.20173 s
  Avg:  4.180369 s
  Std:  0.018195 s
Wall-clock time:
  Min:  4.798676 s
  Max:  5.057482 s
  Avg:  4.905827 s
  Std:  0.036436 s

===========================================
Filter: gaussian | Radius: 11 | Threads: 1
Runs: 100
Program-reported time:
  Min:  9.51077 s
  Max:  9.61858 s
  Avg:  9.554655 s
  Std:  0.045181 s
Wall-clock time:
  Min:  10.150221 s
  Max:  10.362543 s
  Avg:  10.259992 s
  Std:  0.057333 s

===========================================
Filter: gaussian | Radius: 15 | Threads: 1
Runs: 100
Program-reported time:
  Min:  17.1344 s
  Max:  17.3338 s
  Avg:  17.244671 s
  Std:  0.074886 s
Wall-clock time:
  Min:  17.779478 s
  Max:  18.059957 s
  Avg:  17.948104 s
  Std:  0.079603 s

===========================================
Filter: gaussian | Radius: 19 | Threads: 1
Runs: 100
Program-reported time:
  Min:  27.0691 s
  Max:  27.4379 s
  Avg:  27.259371 s
  Std:  0.118489 s
Wall-clock time:
  Min:  27.717553 s
  Max:  28.151763 s
  Avg:  27.961508 s
  Std:  0.121470 s

