Using core type: U
OMP_PLACES: 

===========================================
Filter: mean | Radius: 3 | Threads: 1
Runs: 100
Program-reported time:
  Min:  0.950356 s
  Max:  0.97606 s
  Avg:  .957340 s
  Std:  0.004373 s
Wall-clock time:
  Min:  1.585116 s
  Max:  2.906268 s
  Avg:  1.616857 s
  Std:  0.129942 s

===========================================
Filter: mean | Radius: 7 | Threads: 1
Runs: 100
Program-reported time:
  Min:  4.16036 s
  Max:  4.222 s
  Avg:  4.182517 s
  Std:  0.018332 s
Wall-clock time:
  Min:  4.791909 s
  Max:  4.949832 s
  Avg:  4.894543 s
  Std:  0.039152 s

===========================================
Filter: mean | Radius: 11 | Threads: 1
Runs: 100
Program-reported time:
  Min:  9.51038 s
  Max:  9.63999 s
  Avg:  9.557763 s
  Std:  0.045485 s
Wall-clock time:
  Min:  10.128997 s
  Max:  10.448006 s
  Avg:  10.261914 s
  Std:  0.059416 s

===========================================
Filter: mean | Radius: 15 | Threads: 1
Runs: 100
Program-reported time:
  Min:  17.1373 s
  Max:  17.3519 s
  Avg:  17.253656 s
  Std:  0.071800 s
Wall-clock time:
  Min:  17.760624 s
  Max:  18.157200 s
  Avg:  17.930438 s
  Std:  0.082330 s

===========================================
Filter: mean | Radius: 19 | Threads: 1
Runs: 100
Program-reported time:
  Min:  27.0675 s
  Max:  27.501 s
  Avg:  27.267004 s
  Std:  0.122829 s
Wall-clock time:
  Min:  27.736253 s
  Max:  28.202630 s
  Avg:  27.959412 s
  Std:  0.124972 s

