Using core type: E
OMP_PLACES: {16,17,18,19,20,21,22,23,24,25,26,27}

===========================================
Filter: mean | Radius: 3 | Threads: 2
Runs: 100
Program-reported time:
  Min:  0.519921 s
  Max:  0.562807 s
  Avg:  .527467 s
  Std:  0.004801 s
Wall-clock time:
  Min:  1.168442 s
  Max:  1.214946 s
  Avg:  1.189326 s
  Std:  0.009002 s

===========================================
Filter: mean | Radius: 3 | Threads: 4
Runs: 100
Program-reported time:
  Min:  0.280535 s
  Max:  0.29767 s
  Avg:  .287070 s
  Std:  0.003562 s
Wall-clock time:
  Min:  .920672 s
  Max:  .967036 s
  Avg:  .937563 s
  Std:  0.009453 s

===========================================
Filter: mean | Radius: 3 | Threads: 6
Runs: 100
Program-reported time:
  Min:  0.198493 s
  Max:  0.228221 s
  Avg:  .204477 s
  Std:  0.005263 s
Wall-clock time:
  Min:  .839322 s
  Max:  .879663 s
  Avg:  .856103 s
  Std:  0.008678 s

===========================================
Filter: mean | Radius: 3 | Threads: 8
Runs: 100
Program-reported time:
  Min:  0.157842 s
  Max:  0.181344 s
  Avg:  .168240 s
  Std:  0.005598 s
Wall-clock time:
  Min:  .799708 s
  Max:  .844999 s
  Avg:  .820499 s
  Std:  0.010517 s

===========================================
Filter: mean | Radius: 3 | Threads: 10
Runs: 100
Program-reported time:
  Min:  0.14389 s
  Max:  0.160885 s
  Avg:  .150539 s
  Std:  0.003612 s
Wall-clock time:
  Min:  .786545 s
  Max:  .843552 s
  Avg:  .803758 s
  Std:  0.010596 s

===========================================
Filter: mean | Radius: 3 | Threads: 12
Runs: 100
Program-reported time:
  Min:  0.130607 s
  Max:  0.1509 s
  Avg:  .136465 s
  Std:  0.003403 s
Wall-clock time:
  Min:  .771116 s
  Max:  .818068 s
  Avg:  .790561 s
  Std:  0.009909 s

===========================================
Filter: mean | Radius: 7 | Threads: 2
Runs: 100
Program-reported time:
  Min:  2.13296 s
  Max:  2.37332 s
  Avg:  2.164793 s
  Std:  0.024626 s
Wall-clock time:
  Min:  2.787979 s
  Max:  3.127372 s
  Avg:  2.880563 s
  Std:  0.049464 s

===========================================
Filter: mean | Radius: 7 | Threads: 4
Runs: 100
Program-reported time:
  Min:  1.10123 s
  Max:  1.18005 s
  Avg:  1.124790 s
  Std:  0.021085 s
Wall-clock time:
  Min:  1.739931 s
  Max:  1.830334 s
  Avg:  1.776754 s
  Std:  0.022471 s

===========================================
Filter: mean | Radius: 7 | Threads: 6
Runs: 100
Program-reported time:
  Min:  0.750865 s
  Max:  0.868468 s
  Avg:  .779193 s
  Std:  0.020204 s
Wall-clock time:
  Min:  1.384276 s
  Max:  1.650461 s
  Avg:  1.429081 s
  Std:  0.034301 s

===========================================
Filter: mean | Radius: 7 | Threads: 8
Runs: 100
Program-reported time:
  Min:  0.593536 s
  Max:  0.682704 s
  Avg:  .610311 s
  Std:  0.016551 s
Wall-clock time:
  Min:  1.233826 s
  Max:  1.320051 s
  Avg:  1.261099 s
  Std:  0.018089 s

===========================================
Filter: mean | Radius: 7 | Threads: 10
Runs: 100
Program-reported time:
  Min:  0.527734 s
  Max:  0.594664 s
  Avg:  .545257 s
  Std:  0.017457 s
Wall-clock time:
  Min:  1.174500 s
  Max:  1.258476 s
  Avg:  1.200023 s
  Std:  0.019909 s

===========================================
Filter: mean | Radius: 7 | Threads: 12
Runs: 100
Program-reported time:
  Min:  0.474121 s
  Max:  0.647811 s
  Avg:  .494723 s
  Std:  0.033175 s
Wall-clock time:
  Min:  1.110443 s
  Max:  1.293333 s
  Avg:  1.149164 s
  Std:  0.047519 s

===========================================
Filter: mean | Radius: 11 | Threads: 2
Runs: 100
Program-reported time:
  Min:  4.84031 s
  Max:  5.0144 s
  Avg:  4.904775 s
  Std:  0.031082 s
Wall-clock time:
  Min:  5.496804 s
  Max:  5.678566 s
  Avg:  5.573728 s
  Std:  0.033845 s

===========================================
Filter: mean | Radius: 11 | Threads: 4
Runs: 100
Program-reported time:
  Min:  2.46947 s
  Max:  2.6955 s
  Avg:  2.541816 s
  Std:  0.054289 s
Wall-clock time:
  Min:  3.097725 s
  Max:  3.425068 s
  Avg:  3.245754 s
  Std:  0.069840 s

===========================================
Filter: mean | Radius: 11 | Threads: 6
Runs: 100
Program-reported time:
  Min:  1.69233 s
  Max:  2.14654 s
  Avg:  1.774937 s
  Std:  0.095488 s
Wall-clock time:
  Min:  2.324959 s
  Max:  2.865481 s
  Avg:  2.482193 s
  Std:  0.098586 s

===========================================
Filter: mean | Radius: 11 | Threads: 8
Runs: 100
Program-reported time:
  Min:  1.31352 s
  Max:  1.676 s
  Avg:  1.369892 s
  Std:  0.071798 s
Wall-clock time:
  Min:  1.947012 s
  Max:  2.397437 s
  Avg:  2.058908 s
  Std:  0.091289 s

===========================================
Filter: mean | Radius: 11 | Threads: 10
Runs: 100
Program-reported time:
  Min:  1.17919 s
  Max:  1.43793 s
  Avg:  1.249953 s
  Std:  0.066759 s
Wall-clock time:
  Min:  1.816206 s
  Max:  2.185871 s
  Avg:  1.903799 s
  Std:  0.088745 s

===========================================
Filter: mean | Radius: 11 | Threads: 12
Runs: 100
Program-reported time:
  Min:  1.05894 s
  Max:  1.56087 s
  Avg:  1.160055 s
  Std:  0.090138 s
Wall-clock time:
  Min:  1.701867 s
  Max:  2.211692 s
  Avg:  1.809880 s
  Std:  0.096440 s

===========================================
Filter: mean | Radius: 15 | Threads: 2
Runs: 100
Program-reported time:
  Min:  8.6847 s
  Max:  9.18752 s
  Avg:  8.798335 s
  Std:  0.068270 s
Wall-clock time:
  Min:  9.356668 s
  Max:  9.853882 s
  Avg:  9.502364 s
  Std:  0.074392 s

===========================================
Filter: mean | Radius: 15 | Threads: 4
Runs: 100
Program-reported time:
  Min:  4.41992 s
  Max:  4.79754 s
  Avg:  4.540193 s
  Std:  0.083580 s
Wall-clock time:
  Min:  5.057383 s
  Max:  5.490204 s
  Avg:  5.216385 s
  Std:  0.092866 s

===========================================
Filter: mean | Radius: 15 | Threads: 6
Runs: 100
Program-reported time:
  Min:  3.02587 s
  Max:  3.52596 s
  Avg:  3.224417 s
  Std:  0.111655 s
Wall-clock time:
  Min:  3.666272 s
  Max:  4.243580 s
  Avg:  3.925238 s
  Std:  0.115402 s

===========================================
Filter: mean | Radius: 15 | Threads: 8
Runs: 100
Program-reported time:
  Min:  2.41265 s
  Max:  2.82788 s
  Avg:  2.525606 s
  Std:  0.109983 s
Wall-clock time:
  Min:  3.047170 s
  Max:  3.540535 s
  Avg:  3.225203 s
  Std:  0.117962 s

===========================================
Filter: mean | Radius: 15 | Threads: 10
Runs: 100
Program-reported time:
  Min:  2.18958 s
  Max:  2.55668 s
  Avg:  2.284926 s
  Std:  0.106471 s
Wall-clock time:
  Min:  2.827748 s
  Max:  3.284273 s
  Avg:  2.993619 s
  Std:  0.110042 s

===========================================
Filter: mean | Radius: 15 | Threads: 12
Runs: 100
Program-reported time:
  Min:  1.98948 s
  Max:  2.45991 s
  Avg:  2.078267 s
  Std:  0.100503 s
Wall-clock time:
  Min:  2.630680 s
  Max:  3.186390 s
  Avg:  2.785880 s
  Std:  0.104260 s

===========================================
Filter: mean | Radius: 19 | Threads: 2
Runs: 100
Program-reported time:
  Min:  13.7896 s
  Max:  15.2035 s
  Avg:  13.932689 s
  Std:  0.144452 s
Wall-clock time:
  Min:  14.472442 s
  Max:  15.920424 s
  Avg:  14.640083 s
  Std:  0.149353 s

===========================================
Filter: mean | Radius: 19 | Threads: 4
Runs: 100
Program-reported time:
  Min:  7.10334 s
  Max:  7.86515 s
  Avg:  7.261234 s
  Std:  0.104811 s
Wall-clock time:
  Min:  7.728765 s
  Max:  8.591977 s
  Avg:  7.939125 s
  Std:  0.116289 s

===========================================
Filter: mean | Radius: 19 | Threads: 6
Runs: 100
Program-reported time:
  Min:  4.89606 s
  Max:  5.38016 s
  Avg:  5.118595 s
  Std:  0.100620 s
Wall-clock time:
  Min:  5.573687 s
  Max:  6.010645 s
  Avg:  5.773311 s
  Std:  0.093646 s

===========================================
Filter: mean | Radius: 19 | Threads: 8
Runs: 100
Program-reported time:
  Min:  3.88164 s
  Max:  4.25133 s
  Avg:  4.057142 s
  Std:  0.081145 s
Wall-clock time:
  Min:  4.539562 s
  Max:  4.964543 s
  Avg:  4.758548 s
  Std:  0.087519 s

===========================================
Filter: mean | Radius: 19 | Threads: 10
Runs: 100
Program-reported time:
  Min:  3.53836 s
  Max:  3.96367 s
  Avg:  3.656264 s
  Std:  0.100475 s
Wall-clock time:
  Min:  4.176855 s
  Max:  4.682073 s
  Avg:  4.360362 s
  Std:  0.104219 s

===========================================
Filter: mean | Radius: 19 | Threads: 12
Runs: 100
Program-reported time:
  Min:  3.23123 s
  Max:  3.65072 s
  Avg:  3.318782 s
  Std:  0.089716 s
Wall-clock time:
  Min:  3.857876 s
  Max:  4.346870 s
  Avg:  4.017697 s
  Std:  0.099433 s

