Using core type: E
OMP_PLACES: {16,17,18,19,20,21,22,23,24,25,26,27}

===========================================
Filter: gaussian | Radius: 3 | Threads: 2
Runs: 100
Program-reported time:
  Min:  0.519343 s
  Max:  0.566278 s
  Avg:  .537815 s
  Std:  0.006721 s
Wall-clock time:
  Min:  1.181981 s
  Max:  1.235359 s
  Avg:  1.207093 s
  Std:  0.009120 s

===========================================
Filter: gaussian | Radius: 3 | Threads: 4
Runs: 100
Program-reported time:
  Min:  0.286969 s
  Max:  0.322379 s
  Avg:  .303786 s
  Std:  0.006942 s
Wall-clock time:
  Min:  .941932 s
  Max:  .992053 s
  Avg:  .965469 s
  Std:  0.010745 s

===========================================
Filter: gaussian | Radius: 3 | Threads: 6
Runs: 100
Program-reported time:
  Min:  0.210101 s
  Max:  0.233418 s
  Avg:  .217897 s
  Std:  0.005207 s
Wall-clock time:
  Min:  .860836 s
  Max:  .908963 s
  Avg:  .881729 s
  Std:  0.010002 s

===========================================
Filter: gaussian | Radius: 3 | Threads: 8
Runs: 100
Program-reported time:
  Min:  0.169298 s
  Max:  0.190927 s
  Avg:  .176486 s
  Std:  0.005185 s
Wall-clock time:
  Min:  .822390 s
  Max:  .865366 s
  Avg:  .839798 s
  Std:  0.009073 s

===========================================
Filter: gaussian | Radius: 3 | Threads: 10
Runs: 100
Program-reported time:
  Min:  0.15004 s
  Max:  0.165379 s
  Avg:  .156094 s
  Std:  0.003571 s
Wall-clock time:
  Min:  .800955 s
  Max:  .842788 s
  Avg:  .820986 s
  Std:  0.010127 s

===========================================
Filter: gaussian | Radius: 3 | Threads: 12
Runs: 100
Program-reported time:
  Min:  0.135127 s
  Max:  0.148965 s
  Avg:  .139001 s
  Std:  0.002551 s
Wall-clock time:
  Min:  .785096 s
  Max:  .823710 s
  Avg:  .802616 s
  Std:  0.007635 s

===========================================
Filter: gaussian | Radius: 7 | Threads: 2
Runs: 100
Program-reported time:
  Min:  2.14011 s
  Max:  2.22104 s
  Avg:  2.174877 s
  Std:  0.015496 s
Wall-clock time:
  Min:  2.790143 s
  Max:  3.008728 s
  Avg:  2.887584 s
  Std:  0.040434 s

===========================================
Filter: gaussian | Radius: 7 | Threads: 4
Runs: 100
Program-reported time:
  Min:  1.10325 s
  Max:  1.26062 s
  Avg:  1.157546 s
  Std:  0.029670 s
Wall-clock time:
  Min:  1.754639 s
  Max:  1.927719 s
  Avg:  1.817869 s
  Std:  0.031897 s

===========================================
Filter: gaussian | Radius: 7 | Threads: 6
Runs: 100
Program-reported time:
  Min:  0.772066 s
  Max:  0.825029 s
  Avg:  .787643 s
  Std:  0.013721 s
Wall-clock time:
  Min:  1.418549 s
  Max:  1.506749 s
  Avg:  1.446451 s
  Std:  0.016446 s

===========================================
Filter: gaussian | Radius: 7 | Threads: 8
Runs: 100
Program-reported time:
  Min:  0.586068 s
  Max:  0.722094 s
  Avg:  .610268 s
  Std:  0.025694 s
Wall-clock time:
  Min:  1.230504 s
  Max:  1.395637 s
  Avg:  1.268351 s
  Std:  0.027453 s

===========================================
Filter: gaussian | Radius: 7 | Threads: 10
Runs: 100
Program-reported time:
  Min:  0.516886 s
  Max:  0.599735 s
  Avg:  .537833 s
  Std:  0.020118 s
Wall-clock time:
  Min:  1.167226 s
  Max:  1.260113 s
  Avg:  1.197016 s
  Std:  0.022483 s

===========================================
Filter: gaussian | Radius: 7 | Threads: 12
Runs: 100
Program-reported time:
  Min:  0.467681 s
  Max:  0.656425 s
  Avg:  .489387 s
  Std:  0.038411 s
Wall-clock time:
  Min:  1.110718 s
  Max:  1.327588 s
  Avg:  1.149114 s
  Std:  0.049165 s

===========================================
Filter: gaussian | Radius: 11 | Threads: 2
Runs: 100
Program-reported time:
  Min:  4.84353 s
  Max:  5.42689 s
  Avg:  4.948709 s
  Std:  0.139867 s
Wall-clock time:
  Min:  5.521949 s
  Max:  6.141881 s
  Avg:  5.638098 s
  Std:  0.140245 s

===========================================
Filter: gaussian | Radius: 11 | Threads: 4
Runs: 100
Program-reported time:
  Min:  2.46734 s
  Max:  2.69944 s
  Avg:  2.548031 s
  Std:  0.058871 s
Wall-clock time:
  Min:  3.123411 s
  Max:  3.433942 s
  Avg:  3.282431 s
  Std:  0.061342 s

===========================================
Filter: gaussian | Radius: 11 | Threads: 6
Runs: 100
Program-reported time:
  Min:  1.69168 s
  Max:  2.08104 s
  Avg:  1.744143 s
  Std:  0.057560 s
Wall-clock time:
  Min:  2.354487 s
  Max:  2.811716 s
  Avg:  2.469712 s
  Std:  0.064833 s

===========================================
Filter: gaussian | Radius: 11 | Threads: 8
Runs: 100
Program-reported time:
  Min:  1.31664 s
  Max:  1.68359 s
  Avg:  1.388217 s
  Std:  0.079757 s
Wall-clock time:
  Min:  1.961419 s
  Max:  2.418948 s
  Avg:  2.104839 s
  Std:  0.087958 s

===========================================
Filter: gaussian | Radius: 11 | Threads: 10
Runs: 100
Program-reported time:
  Min:  1.17757 s
  Max:  1.56474 s
  Avg:  1.281324 s
  Std:  0.116535 s
Wall-clock time:
  Min:  1.833427 s
  Max:  2.432463 s
  Avg:  1.974002 s
  Std:  0.161380 s

===========================================
Filter: gaussian | Radius: 11 | Threads: 12
Runs: 100
Program-reported time:
  Min:  1.0641 s
  Max:  1.43946 s
  Avg:  1.137135 s
  Std:  0.077453 s
Wall-clock time:
  Min:  1.709159 s
  Max:  2.193523 s
  Avg:  1.804534 s
  Std:  0.101015 s

===========================================
Filter: gaussian | Radius: 15 | Threads: 2
Runs: 100
Program-reported time:
  Min:  8.67572 s
  Max:  8.9277 s
  Avg:  8.785776 s
  Std:  0.043737 s
Wall-clock time:
  Min:  9.346142 s
  Max:  9.607874 s
  Avg:  9.498663 s
  Std:  0.055637 s

===========================================
Filter: gaussian | Radius: 15 | Threads: 4
Runs: 100
Program-reported time:
  Min:  4.40767 s
  Max:  4.95275 s
  Avg:  4.567466 s
  Std:  0.115069 s
Wall-clock time:
  Min:  5.051154 s
  Max:  5.641635 s
  Avg:  5.252586 s
  Std:  0.122208 s

===========================================
Filter: gaussian | Radius: 15 | Threads: 6
Runs: 100
Program-reported time:
  Min:  3.03138 s
  Max:  3.44523 s
  Avg:  3.251490 s
  Std:  0.102647 s
Wall-clock time:
  Min:  3.678792 s
  Max:  4.275928 s
  Avg:  3.966556 s
  Std:  0.114091 s

===========================================
Filter: gaussian | Radius: 15 | Threads: 8
Runs: 100
Program-reported time:
  Min:  2.41223 s
  Max:  2.84453 s
  Avg:  2.537383 s
  Std:  0.115485 s
Wall-clock time:
  Min:  3.049995 s
  Max:  3.574460 s
  Avg:  3.260574 s
  Std:  0.118029 s

===========================================
Filter: gaussian | Radius: 15 | Threads: 10
Runs: 100
Program-reported time:
  Min:  2.19366 s
  Max:  2.60888 s
  Avg:  2.293203 s
  Std:  0.108553 s
Wall-clock time:
  Min:  2.824347 s
  Max:  3.321520 s
  Avg:  3.008019 s
  Std:  0.110465 s

===========================================
Filter: gaussian | Radius: 15 | Threads: 12
Runs: 100
Program-reported time:
  Min:  1.98903 s
  Max:  2.28977 s
  Avg:  2.083831 s
  Std:  0.092791 s
Wall-clock time:
  Min:  2.634193 s
  Max:  3.062324 s
  Avg:  2.801354 s
  Std:  0.097044 s

===========================================
Filter: gaussian | Radius: 19 | Threads: 2
Runs: 100
Program-reported time:
  Min:  13.7905 s
  Max:  14.1048 s
  Avg:  13.923847 s
  Std:  0.074962 s
Wall-clock time:
  Min:  14.474808 s
  Max:  14.821201 s
  Avg:  14.641177 s
  Std:  0.078400 s

===========================================
Filter: gaussian | Radius: 19 | Threads: 4
Runs: 100
Program-reported time:
  Min:  7.09944 s
  Max:  7.55758 s
  Avg:  7.290696 s
  Std:  0.105673 s
Wall-clock time:
  Min:  7.747482 s
  Max:  8.275061 s
  Avg:  7.969713 s
  Std:  0.112418 s

===========================================
Filter: gaussian | Radius: 19 | Threads: 6
Runs: 100
Program-reported time:
  Min:  4.89226 s
  Max:  5.3913 s
  Avg:  5.147416 s
  Std:  0.113494 s
Wall-clock time:
  Min:  5.556806 s
  Max:  6.053252 s
  Avg:  5.809407 s
  Std:  0.112707 s

===========================================
Filter: gaussian | Radius: 19 | Threads: 8
Runs: 100
Program-reported time:
  Min:  3.89729 s
  Max:  4.2544 s
  Avg:  4.056942 s
  Std:  0.080183 s
Wall-clock time:
  Min:  4.533248 s
  Max:  4.976151 s
  Avg:  4.766442 s
  Std:  0.083738 s

===========================================
Filter: gaussian | Radius: 19 | Threads: 10
Runs: 100
Program-reported time:
  Min:  3.54306 s
  Max:  3.98631 s
  Avg:  3.695778 s
  Std:  0.105739 s
Wall-clock time:
  Min:  4.188268 s
  Max:  4.690158 s
  Avg:  4.401504 s
  Std:  0.108497 s

===========================================
Filter: gaussian | Radius: 19 | Threads: 12
Runs: 100
Program-reported time:
  Min:  3.23353 s
  Max:  3.67884 s
  Avg:  3.343396 s
  Std:  0.111405 s
Wall-clock time:
  Min:  3.875186 s
  Max:  4.392777 s
  Avg:  4.061988 s
  Std:  0.111703 s

