Using core type: E
OMP_PLACES: {16,17,18,19,20,21,22,23,24,25,26,27}

===========================================
Filter: mean | Radius: 3 | Threads: 2
Runs: 100
Program-reported time:
  Min:  0.519858 s
  Max:  0.567065 s
  Avg:  .531850 s
  Std:  0.006392 s
Wall-clock time:
  Min:  1.166794 s
  Max:  1.220700 s
  Avg:  1.185713 s
  Std:  0.011686 s

===========================================
Filter: mean | Radius: 3 | Threads: 4
Runs: 100
Program-reported time:
  Min:  0.283224 s
  Max:  0.297773 s
  Avg:  .287828 s
  Std:  0.002987 s
Wall-clock time:
  Min:  .922523 s
  Max:  .954518 s
  Avg:  .935768 s
  Std:  0.008147 s

===========================================
Filter: mean | Radius: 3 | Threads: 6
Runs: 100
Program-reported time:
  Min:  0.199264 s
  Max:  0.222102 s
  Avg:  .204913 s
  Std:  0.005179 s
Wall-clock time:
  Min:  .836026 s
  Max:  .881069 s
  Avg:  .855055 s
  Std:  0.009470 s

===========================================
Filter: mean | Radius: 3 | Threads: 8
Runs: 100
Program-reported time:
  Min:  0.160642 s
  Max:  0.190346 s
  Avg:  .168188 s
  Std:  0.005734 s
Wall-clock time:
  Min:  .800277 s
  Max:  .846728 s
  Avg:  .819281 s
  Std:  0.010217 s

===========================================
Filter: mean | Radius: 3 | Threads: 10
Runs: 100
Program-reported time:
  Min:  0.144437 s
  Max:  0.1601 s
  Avg:  .149737 s
  Std:  0.003579 s
Wall-clock time:
  Min:  .783830 s
  Max:  .823676 s
  Avg:  .800740 s
  Std:  0.007918 s

===========================================
Filter: mean | Radius: 3 | Threads: 12
Runs: 100
Program-reported time:
  Min:  0.131422 s
  Max:  0.142738 s
  Avg:  .135776 s
  Std:  0.002607 s
Wall-clock time:
  Min:  .772291 s
  Max:  .805836 s
  Avg:  .786385 s
  Std:  0.006767 s

===========================================
Filter: mean | Radius: 7 | Threads: 2
Runs: 100
Program-reported time:
  Min:  2.13262 s
  Max:  2.18639 s
  Avg:  2.164211 s
  Std:  0.012688 s
Wall-clock time:
  Min:  2.777540 s
  Max:  2.927950 s
  Avg:  2.867149 s
  Std:  0.034121 s

===========================================
Filter: mean | Radius: 7 | Threads: 4
Runs: 100
Program-reported time:
  Min:  1.10063 s
  Max:  1.18165 s
  Avg:  1.117251 s
  Std:  0.017486 s
Wall-clock time:
  Min:  1.738234 s
  Max:  1.837929 s
  Avg:  1.764556 s
  Std:  0.019522 s

===========================================
Filter: mean | Radius: 7 | Threads: 6
Runs: 100
Program-reported time:
  Min:  0.752244 s
  Max:  0.857093 s
  Avg:  .767823 s
  Std:  0.016651 s
Wall-clock time:
  Min:  1.386168 s
  Max:  1.501017 s
  Avg:  1.414051 s
  Std:  0.017492 s

===========================================
Filter: mean | Radius: 7 | Threads: 8
Runs: 100
Program-reported time:
  Min:  0.582775 s
  Max:  0.729679 s
  Avg:  .604802 s
  Std:  0.024164 s
Wall-clock time:
  Min:  1.221393 s
  Max:  1.371014 s
  Avg:  1.250238 s
  Std:  0.025458 s

===========================================
Filter: mean | Radius: 7 | Threads: 10
Runs: 100
Program-reported time:
  Min:  0.518825 s
  Max:  0.586586 s
  Avg:  .536951 s
  Std:  0.021013 s
Wall-clock time:
  Min:  1.161664 s
  Max:  1.239312 s
  Avg:  1.184030 s
  Std:  0.020977 s

===========================================
Filter: mean | Radius: 7 | Threads: 12
Runs: 100
Program-reported time:
  Min:  0.466944 s
  Max:  0.649639 s
  Avg:  .486520 s
  Std:  0.036411 s
Wall-clock time:
  Min:  1.099718 s
  Max:  1.296155 s
  Avg:  1.134993 s
  Std:  0.048979 s

===========================================
Filter: mean | Radius: 11 | Threads: 2
Runs: 100
Program-reported time:
  Min:  4.83648 s
  Max:  5.42223 s
  Avg:  4.973545 s
  Std:  0.178081 s
Wall-clock time:
  Min:  5.476199 s
  Max:  6.226136 s
  Avg:  5.644088 s
  Std:  0.180547 s

===========================================
Filter: mean | Radius: 11 | Threads: 4
Runs: 100
Program-reported time:
  Min:  2.46607 s
  Max:  2.68415 s
  Avg:  2.531811 s
  Std:  0.048941 s
Wall-clock time:
  Min:  3.112078 s
  Max:  3.417382 s
  Avg:  3.240159 s
  Std:  0.062189 s

===========================================
Filter: mean | Radius: 11 | Threads: 6
Runs: 100
Program-reported time:
  Min:  1.69587 s
  Max:  2.10602 s
  Avg:  1.757635 s
  Std:  0.072553 s
Wall-clock time:
  Min:  2.320636 s
  Max:  2.831149 s
  Avg:  2.462457 s
  Std:  0.087407 s

===========================================
Filter: mean | Radius: 11 | Threads: 8
Runs: 100
Program-reported time:
  Min:  1.3123 s
  Max:  1.69465 s
  Avg:  1.390731 s
  Std:  0.083825 s
Wall-clock time:
  Min:  1.939885 s
  Max:  2.419645 s
  Avg:  2.094201 s
  Std:  0.097843 s

===========================================
Filter: mean | Radius: 11 | Threads: 10
Runs: 100
Program-reported time:
  Min:  1.17771 s
  Max:  1.40476 s
  Avg:  1.243438 s
  Std:  0.062482 s
Wall-clock time:
  Min:  1.808965 s
  Max:  2.141330 s
  Avg:  1.896768 s
  Std:  0.091955 s

===========================================
Filter: mean | Radius: 11 | Threads: 12
Runs: 100
Program-reported time:
  Min:  1.05986 s
  Max:  1.40216 s
  Avg:  1.123965 s
  Std:  0.061914 s
Wall-clock time:
  Min:  1.688414 s
  Max:  2.144234 s
  Avg:  1.770493 s
  Std:  0.075012 s

===========================================
Filter: mean | Radius: 15 | Threads: 2
Runs: 100
Program-reported time:
  Min:  8.6965 s
  Max:  8.91868 s
  Avg:  8.791409 s
  Std:  0.047236 s
Wall-clock time:
  Min:  9.347462 s
  Max:  9.634900 s
  Avg:  9.488961 s
  Std:  0.057961 s

===========================================
Filter: mean | Radius: 15 | Threads: 4
Runs: 100
Program-reported time:
  Min:  4.40866 s
  Max:  4.94554 s
  Avg:  4.547155 s
  Std:  0.102874 s
Wall-clock time:
  Min:  5.045995 s
  Max:  5.599792 s
  Avg:  5.222330 s
  Std:  0.101554 s

===========================================
Filter: mean | Radius: 15 | Threads: 6
Runs: 100
Program-reported time:
  Min:  3.03443 s
  Max:  3.50287 s
  Avg:  3.198029 s
  Std:  0.105922 s
Wall-clock time:
  Min:  3.662927 s
  Max:  4.209226 s
  Avg:  3.891698 s
  Std:  0.108362 s

===========================================
Filter: mean | Radius: 15 | Threads: 8
Runs: 100
Program-reported time:
  Min:  2.41617 s
  Max:  2.82472 s
  Avg:  2.535291 s
  Std:  0.107664 s
Wall-clock time:
  Min:  3.036592 s
  Max:  3.535394 s
  Avg:  3.230287 s
  Std:  0.112246 s

===========================================
Filter: mean | Radius: 15 | Threads: 10
Runs: 100
Program-reported time:
  Min:  2.19611 s
  Max:  2.59325 s
  Avg:  2.289857 s
  Std:  0.090250 s
Wall-clock time:
  Min:  2.830680 s
  Max:  3.315162 s
  Avg:  2.996214 s
  Std:  0.092880 s

===========================================
Filter: mean | Radius: 15 | Threads: 12
Runs: 100
Program-reported time:
  Min:  1.98491 s
  Max:  2.40253 s
  Avg:  2.085281 s
  Std:  0.095261 s
Wall-clock time:
  Min:  2.609207 s
  Max:  3.106073 s
  Avg:  2.783735 s
  Std:  0.099897 s

===========================================
Filter: mean | Radius: 19 | Threads: 2
Runs: 100
Program-reported time:
  Min:  13.7763 s
  Max:  15.4048 s
  Avg:  13.986816 s
  Std:  0.281613 s
Wall-clock time:
  Min:  14.452843 s
  Max:  16.019989 s
  Avg:  14.681164 s
  Std:  0.273926 s

===========================================
Filter: mean | Radius: 19 | Threads: 4
Runs: 100
Program-reported time:
  Min:  7.11686 s
  Max:  7.74575 s
  Avg:  7.274533 s
  Std:  0.116997 s
Wall-clock time:
  Min:  7.752330 s
  Max:  8.443867 s
  Avg:  7.930113 s
  Std:  0.131012 s

===========================================
Filter: mean | Radius: 19 | Threads: 6
Runs: 100
Program-reported time:
  Min:  4.90078 s
  Max:  5.37 s
  Avg:  5.116071 s
  Std:  0.100873 s
Wall-clock time:
  Min:  5.558823 s
  Max:  6.144100 s
  Avg:  5.767981 s
  Std:  0.107167 s

===========================================
Filter: mean | Radius: 19 | Threads: 8
Runs: 100
Program-reported time:
  Min:  3.90595 s
  Max:  4.36501 s
  Avg:  4.076594 s
  Std:  0.092601 s
Wall-clock time:
  Min:  4.613158 s
  Max:  5.063318 s
  Avg:  4.772454 s
  Std:  0.094999 s

===========================================
Filter: mean | Radius: 19 | Threads: 10
Runs: 100
Program-reported time:
  Min:  3.5311 s
  Max:  3.94785 s
  Avg:  3.665363 s
  Std:  0.106118 s
Wall-clock time:
  Min:  4.165106 s
  Max:  4.638994 s
  Avg:  4.359198 s
  Std:  0.106895 s

===========================================
Filter: mean | Radius: 19 | Threads: 12
Runs: 100
Program-reported time:
  Min:  3.23076 s
  Max:  3.64835 s
  Avg:  3.346831 s
  Std:  0.100341 s
Wall-clock time:
  Min:  3.858307 s
  Max:  4.357768 s
  Avg:  4.041653 s
  Std:  0.106163 s

